C51 COMPILER V8.02   LASER2                                                                02/01/2017 15:07:14 PAGE 1   


C51 COMPILER V8.02, COMPILATION OF MODULE LASER2
OBJECT MODULE PLACED IN laser2.OBJ
COMPILER INVOKED BY: C:\Keil\C51\BIN\C51.EXE laser2.c BROWSE DEBUG OBJECTEXTEND

line level    source

   1          #include <reg51.h>
   2          
   3          void lasercount();
   4          void reset();
   5          
   6          sbit laser=P0^0;
   7          sbit laser1=P0^1;
   8          sbit ir=P0^5;
   9          
  10          sbit led1=P3^2;
  11          sbit led2=P3^3;
  12          sbit led3=P3^4;
  13          sbit relay=P0^7;
  14          
  15          void delay(unsigned int itime); 
  16          unsigned char count=0; 
  17          
  18          
  19          void main(void)
  20            {
  21   1           
  22   1      laser=1;
  23   1      laser1=1;
  24   1      ir=1;
  25   1      
  26   1      led1=0;
  27   1      led2=0;
  28   1      led3=0;
  29   1      relay=0;
  30   1      
  31   1          while(1)
  32   1            {
  33   2               if(ir==1)
  34   2            {
  35   3                      
  36   3             while(ir==1);
  37   3             reset();
  38   3            }
  39   2                              
  40   2             if(laser==1||laser1==1)
  41   2             { 
  42   3                      
  43   3             while(laser==1||laser1==1);
  44   3             lasercount();
  45   3             }
  46   2      
  47   2           
  48   2      
  49   2        if(count==0)
  50   2        {
  51   3          relay=1;
  52   3          led1=0;
  53   3          led2=0;
  54   3          led3=0;
  55   3        }
C51 COMPILER V8.02   LASER2                                                                02/01/2017 15:07:14 PAGE 2   

  56   2        
  57   2        if(count==1)
  58   2        {
  59   3          relay=1;
  60   3          led1=1;
  61   3          led2=0;
  62   3          led3=0;  
  63   3        }
  64   2        
  65   2       if(count==2)
  66   2        {
  67   3          relay=1;
  68   3          led1=1;
  69   3          led2=1;
  70   3          led3=0; 
  71   3        }
  72   2        
  73   2       if(count==3)
  74   2        {
  75   3          relay=0;
  76   3          led1=1;
  77   3          led2=1;
  78   3          led3=1;  
  79   3        }
  80   2        
  81   2              delay(200);     
  82   2       }
  83   1      }
  84          void lasercount()
  85          {
  86   1          count++;
  87   1       }
  88          
  89          void reset()
  90          {
  91   1       count=0;
  92   1      }
  93          void delay(unsigned int itime)
  94           {
  95   1       unsigned int i,j;
  96   1       for (i=0;i<itime;i++)
  97   1       for (j=0;j<1275;j++);
  98   1       }


MODULE INFORMATION:   STATIC OVERLAYABLE
   CODE SIZE        =    137    ----
   CONSTANT SIZE    =   ----    ----
   XDATA SIZE       =   ----    ----
   PDATA SIZE       =   ----    ----
   DATA SIZE        =      1    ----
   IDATA SIZE       =   ----    ----
   BIT SIZE         =   ----    ----
END OF MODULE INFORMATION.


C51 COMPILATION COMPLETE.  0 WARNING(S),  0 ERROR(S)
